Arguments: 
  /home/wycats/.volta/tools/image/node/15.0.1/bin/node /home/wycats/.volta/tools/image/yarn/1.22.5/bin/yarn.js add tracked-built-ins

PATH: 
  /home/wycats/.volta/tools/image/npm/7.0.10/bin:/home/wycats/.volta/tools/image/yarn/1.22.5/bin:/home/wycats/.volta/tools/image/node/15.0.1/bin:/mnt/c/Users/wycat/AppData/Local/Programs/Microsoft VS Code Insiders/bin:/home/wycats/.rvm/bin:/home/wycats/.cargo/bin:/home/wycats/.rvm/gems/ruby-2.7.2/bin:/home/wycats/.rvm/gems/ruby-2.7.2@global/bin:/home/wycats/.rvm/rubies/ruby-2.7.2/bin:/home/wycats/.volta/bin:/usr/local/sbin:/usr/local/bin:/usr/sbin:/usr/bin:/sbin:/bin:/usr/games:/usr/local/games:/snap/bin:/mnt/c/Users/wycat/AppData/Local/Programs/Microsoft VS Code/bin:/home/wycats/.local/bin

Yarn version: 
  1.22.5

Node version: 
  15.0.1

Platform: 
  linux x64

Trace: 
  Error: ENOENT: no such file or directory, copyfile '/home/wycats/.cache/yarn/v6/npm-rimraf-3.0.2-f1a5402ba6220ad52cc1282bac1ae3aa49fd061a-integrity/node_modules/rimraf/CHANGELOG.md' -> '/home/wycats/Code/shimmer/node_modules/snowpack/node_modules/rimraf/CHANGELOG.md'

npm manifest: 
  {
    "name": "shimmer",
    "version": "1.0.0",
    "description": "",
    "main": "index.js",
    "scripts": {
      "test": "echo \"Error: no test specified\" && exit 1",
      "start": "snowpack dev"
    },
    "author": "",
    "license": "ISC",
    "devDependencies": {
      "@simple-dom/interface": "^1.4.0",
      "@snowpack/plugin-sass": "^1.2.0",
      "@snowpack/plugin-typescript": "^1.1.1",
      "snowpack": "^2.18.5",
      "typescript": "^4.2.0-dev.20210106"
    },
    "dependencies": {
      "@glimmer/global-context": "^0.73.1",
      "@glimmer/validator": "^0.73.1",
      "@glimmer/destroyable": "^0.73.1"
    }
  }

yarn manifest: 
  No manifest

Lockfile: 
  No lockfile
